HUANG_PCN,true
HUANG_PCN,true
HUANG_PCN,true
HUANG_PCN,true
HUANG_PCN,true
HUANG_PCN,true
HUANG_PCN,true
HUANG_PCN,true
HUANG_PCN,true
HUANG_PCN,true
HUANG_PCN,true
HUANG_PCN,true
HUANG_PCN,true
HUANG_PCN,true
HUANG_PCN,true
HUANG_PCN,true
HUANG_PCN,true
HUANG_PCN,true
HUANG_PCN,true
HUANG_PCN,true
,208798,359455,400.0,208742,359395,411.20000000000005,208675,359322,410.0000000000001,208609,359250,408.8000000000002,208542,359178,407.60000000000025,208476,359107,406.4000000000003,208410,359035,405.2000000000004,208344,358964,404.00000000000045,208278,358893,402.8000000000005,208212,358822,401.6000000000006
HUANG_PCN,true
,412829,91294,304.0,412789,91317,112.0,412784,91320,0.0,412784,91320,0.0,412784,91320,0.0,412784,91320,0.0,412784,91320,0.0,412784,91320,0.0,412784,91320,0.0,412784,91320,0.0
,87179,172793,435.76,87119,172707,435.03999999999996,87059,172622,434.31999999999994,87000,172536,433.5999999999999,86940,172451,432.8799999999999,86881,172366,432.15999999999985,86822,172281,431.4399999999998,86762,172196,430.7199999999998,86703,172111,429.9999999999998,86644,172027,429.27999999999975
HUANG_PCN,true
HUANG_PCN,true
HUANG_PCN,true
HUANG_PCN,true
HUANG_PCN,true
HUANG_PCN,true
,82182,244065,591.76,82277,244170,591.04,82372,244276,590.3199999999999,82466,244381,589.5999999999999,82561,244487,588.8799999999999,82655,244592,588.1599999999999,82749,244697,587.4399999999998,82843,244802,586.7199999999998,82937,244906,585.9999999999998,83031,245011,585.2799999999997
,562911,206701,628.0,562794,206804,651.8400000000001,562677,206907,651.6000000000004,562560,207011,651.3600000000006,562443,207114,651.1200000000008,562325,207218,650.880000000001,562208,207321,650.6400000000012,562091,207424,650.4000000000015,561974,207527,650.1600000000017,561857,207630,649.9200000000019
HUANG_PCN,true
HUANG_PCN,true
HUANG_PCN,true
HUANG_PCN,true
,349764,290968,651.5999999999999,349618,291025,650.3999999999996,349473,291082,649.1999999999994,349328,291139,647.9999999999991,349184,291196,646.7999999999988,349039,291252,645.5999999999985,348895,291309,644.3999999999983,348752,291366,643.199999999998,348608,291422,641.9999999999977,348465,291478,640.7999999999975
HUANG_PCN,true
HUANG_PCN,true
,351424,391699,712.0,351289,391813,735.52,351155,391927,734.8,351026,391951,734.0799999999999,350908,391821,733.3599999999999,350789,391691,732.6399999999999,350671,391561,731.9199999999998,350553,391431,731.1999999999998,350435,391302,730.4799999999998,350317,391172,729.7599999999998
,80006,36285,687.76,80134,36181,687.04,80262,36077,686.3199999999999,80390,35974,685.5999999999999,80518,35871,684.8799999999999,80645,35767,684.1599999999999,80773,35664,683.4399999999998,80900,35561,682.7199999999998,81028,35458,681.9999999999998,81155,35355,681.2799999999997
,3166,213822,736.0,3343,213779,759.8400000000001,3520,213736,759.6000000000004,3697,213692,759.3600000000006,3874,213649,759.1200000000008,4051,213606,758.880000000001,4228,213563,758.6400000000012,4405,213519,758.4000000000015,4581,213476,758.1600000000017,4758,213433,757.9200000000019
,296922,335812,748.0,296798,335675,771.6799999999998,296674,335538,771.1999999999996,296725,335516,770.7199999999993,296863,335393,770.2399999999991,297000,335270,769.7599999999989,297138,335147,769.2799999999986,297276,335025,768.7999999999984,297414,334902,768.3199999999981,297551,334779,767.8399999999979
,144798,178451,784.0,144971,178537,807.6799999999998,145145,178624,807.1999999999996,145270,178698,806.7199999999993,145409,178833,806.2399999999991,145547,178968,805.7599999999989,145685,179103,805.2799999999986,145824,179238,804.7999999999984,145962,179373,804.3199999999981,146100,179508,803.8399999999979
,161504,347268,759.76,161635,347142,759.04,161766,347015,758.3199999999999,161897,346888,757.5999999999999,162027,346762,756.8799999999999,162158,346636,756.1599999999999,162288,346510,755.4399999999998,162418,346384,754.7199999999998,162548,346258,753.9999999999998,162678,346132,753.2799999999997
,128521,60340,771.8399999999999,128604,60174,771.3599999999997,128687,60009,770.8799999999994,128770,59844,770.3999999999992,128854,59679,769.9199999999989,128937,59514,769.4399999999987,129020,59349,768.9599999999984,129103,59184,768.4799999999982,129186,59019,767.999999999998,129268,58855,767.5199999999977
HUANG_PCN,true
HUANG_PCN,true
,416097,448140,820.0,415958,448000,819.0400000000002,415819,447861,818.0800000000004,415681,447722,817.1200000000006,415542,447584,816.1600000000008,415404,447445,815.200000000001,415266,447307,814.2400000000011,415128,447168,813.2800000000013,414990,447030,812.3200000000015,414853,446892,811.3600000000017
HUANG_PCN,true
,51861,109034,807.9200000000001,51988,109181,807.6800000000003,52115,109327,807.4400000000005,52242,109474,807.2000000000007,52369,109620,806.960000000001,52495,109766,806.7200000000012,52622,109913,806.4800000000014,52749,110059,806.2400000000016,52875,110205,806.0000000000018,53002,110351,805.760000000002
HUANG_PCN,true
HUANG_PCN,true
HUANG_PCN,true
,45362,421919,880.0,45500,421759,880.0,45638,421599,880.0,45776,421439,880.0,45914,421279,880.0,46051,421119,880.0,46189,420959,880.0,46327,420799,880.0,46465,420639,880.0,46603,420479,880.0
,127706,10169,856.0,127683,10373,856.0,127661,10577,856.0,127638,10781,856.0,127616,10986,856.0,127593,11190,856.0,127570,11394,856.0,127548,11598,856.0,127525,11802,856.0,127502,12007,856.0
HUANG_PCN,true
HUANG_PCN,true
HUANG_PCN,true
HUANG_PCN,true
HUANG_PCN,true
HUANG_PCN,true
,341657,72161,832.76,341674,72352,800.16,341691,72539,767.56,341708,72723,766.8399999999999,341724,72902,734.2399999999999,341740,73078,733.5199999999999,341756,73253,732.7999999999998,341772,73428,732.0799999999998,341788,73601,699.4799999999998,341803,73768,698.7599999999998
,433694,280643,824.0,433827,280785,803.52,433958,280925,802.8,434087,281063,770.1999999999999,434097,281193,737.5999999999999,433974,281317,704.9999999999999,433855,281435,672.3999999999999,433741,281549,671.6799999999998,433631,281659,639.0799999999998,433522,281768,638.3599999999998
HUANG_PCN,true
,1780,203512,833.0,1959,203599,832.3600000000001,2139,203686,831.4000000000003,2319,203773,830.4400000000005,2438,203863,829.4800000000007,2581,204001,828.5200000000009,2724,204140,827.5600000000011,2866,204277,826.6000000000013,3009,204415,825.6400000000015,3151,204553,824.6800000000017
HUANG_PCN,true
HUANG_PCN,true
HUANG_PCN,true
HUANG_PCN,true
HUANG_PCN,true
HUANG_PCN,true
,382098,151448,832.6800000000001,381931,151558,831.7200000000003,381764,151667,830.7600000000004,381597,151776,829.8000000000006,381431,151885,828.8400000000008,381264,151994,827.880000000001,381098,152102,826.9200000000012,380932,152211,825.9600000000014,380766,152319,825.0000000000016,380601,152428,824.0400000000018
HUANG_PCN,true
HUANG_PCN,true
HUANG_PCN,true
,172427,4606,833.0,172248,4518,832.8400000000001,172068,4430,832.6000000000004,171889,4342,832.3600000000006,171530,4381,832.1200000000008,171440,4559,831.880000000001,171350,4737,831.6400000000012,171260,4916,831.4000000000015,171170,5094,831.1600000000017,171081,5272,830.9200000000019
HUANG_PCN,true
HUANG_PCN,true
,465332,493401,1192.0,465551,493209,1216.0,465770,493016,1216.0,465990,492824,1216.0,466209,492631,1216.0,466428,492439,1216.0,466648,492246,1216.0,466867,492054,1216.0,467086,491861,1216.0,467306,491669,1216.0
HUANG_PCN,true
,487251,84362,832.5999999999999,487412,84480,831.3999999999996,487573,84598,830.1999999999994,487733,84716,828.9999999999991,487894,84833,827.7999999999988,488054,84950,826.5999999999985,488214,85068,825.3999999999983,488373,85185,824.199999999998,488533,85301,822.9999999999977,488692,85418,821.7999999999975
,398672,450562,1216.0,398482,450340,1216.0,398292,450118,1216.0,398103,449896,1216.0,397913,449674,1216.0,397724,449453,1216.0,397534,449231,1216.0,397344,449009,1216.0,397155,448787,1216.0,396965,448565,1216.0
,342138,487425,832.6800000000001,342005,487276,831.7200000000003,341872,487127,830.7600000000004,341739,486979,829.8000000000006,341606,486831,828.8400000000008,341474,486682,827.880000000001,341341,486534,826.9200000000012,341209,486387,825.9600000000014,341077,486239,825.0000000000016,340945,486091,824.0400000000018
,217473,142735,476.0,217396,142803,391.91999999999996,217326,142863,336.0,217256,142923,400.0,217184,142986,400.0,217111,143049,400.0,217038,143112,400.0,216966,143174,400.0,216893,143237,400.0,216821,143300,400.0
,201294,493051,777.0,201432,492926,777.0,201571,492801,777.0,201709,492676,777.0,201847,492551,777.0,201986,492426,777.0,202124,492301,777.0,202263,492176,777.0,202401,492051,777.0,202539,491926,777.0
,37071,460460,833.0,36937,460312,833.0,36802,460164,833.0,36668,460015,833.0,36534,459867,833.0,36634,459952,833.0,36787,459824,833.0,36941,459696,833.0,37094,459568,833.0,37248,459439,833.0
HUANG_PCN,true
,423351,297610,1324.0,423033,297667,1347.1999999999998,422715,297725,1345.9999999999995,422397,297783,1344.7999999999993,422080,297841,1343.599999999999,421763,297898,1342.3999999999987,421446,297956,1341.1999999999985,421129,298013,1339.9999999999982,420813,298071,1338.799999999998,420497,298128,1337.5999999999976
HUANG_PCN,true
,583139,143614,552.0,583027,143694,575.52,582914,143774,574.8,582802,143854,574.0799999999999,582690,143934,573.3599999999999,582578,144014,572.6399999999999,582466,144094,571.9199999999998,582354,144173,571.1999999999998,582243,144253,570.4799999999998,582132,144333,569.7599999999998
,284612,403791,833.0,284745,403940,833.0,284879,404090,833.0,285012,404239,833.0,285145,404388,833.0,285278,404537,833.0,285411,404686,833.0,285545,404835,833.0,285678,404984,833.0,285811,405133,833.0
,180673,395960,1336.0,180450,395722,1359.5200000000004,180227,395484,1358.800000000001,180004,395246,1358.0800000000017,179782,395008,1357.3600000000024,179559,394770,1356.640000000003,179336,394533,1355.9200000000037,179114,394295,1355.2000000000044,178892,394058,1354.480000000005,178670,393821,1353.7600000000057
HUANG_PCN,true
HUANG_PCN,false
HUANG_PCN,false
HUANG_PCN,false
HUANG_PCN,false
HUANG_PCN,false
HUANG_PCN,false
HUANG_PCN,false
HUANG_PCN,false
HUANG_PCN,false
HUANG_PCN,false
HUANG_PCN,true
HUANG_PCN,true
,203984,262106,805.0,204113,262249,804.3600000000001,204243,262392,803.4000000000003,204372,262535,802.4400000000005,204501,262677,801.4800000000007,204630,262820,800.5200000000009,204536,262967,799.5600000000011,204414,263115,798.6000000000013,204292,263262,797.6400000000015,204170,263410,796.6800000000017
,284610,161163,777.0,284472,161289,776.1999999999998,284334,161414,774.9999999999995,284197,161538,773.7999999999993,284065,161658,677.1999999999991,283945,161767,675.9999999999989,283832,161869,611.1999999999987,283727,161964,578.1999999999985,283628,162053,545.1999999999982,283531,162141,543.999999999998
,176087,54873,912.0,175985,55073,935.52,175883,55273,934.8,175782,55472,902.1999999999999,175684,55665,901.4799999999999,175586,55857,900.7599999999999,175488,56050,900.0399999999998,175390,56242,899.3199999999998,175294,56430,866.7199999999998,175199,56615,865.9999999999998
,423013,269210,832.5999999999999,422876,269064,831.3999999999996,422740,268919,830.1999999999994,422604,268773,828.9999999999991,422469,268628,827.7999999999988,422333,268483,826.5999999999985,422198,268338,825.3999999999983,422063,268193,824.199999999998,421928,268049,822.9999999999977,421793,267905,821.7999999999975
,469826,391713,833.0,469678,391847,832.8400000000001,469530,391982,832.6000000000004,469382,392116,832.3600000000006,469234,392250,832.1200000000008,469087,392385,831.880000000001,468939,392519,831.6400000000012,468791,392653,831.4000000000015,468643,392787,831.1600000000017,468496,392921,830.9200000000019
,60533,198314,832.9200000000001,60399,198166,832.6800000000003,60264,198018,832.4400000000005,60130,197870,832.2000000000007,59995,197723,831.960000000001,59861,197575,831.7200000000012,59727,197427,831.4800000000014,59592,197280,831.2400000000016,59458,197132,831.0000000000018,59324,196985,830.760000000002
HUANG_PCN,true
HUANG_PCN,true
,419311,138566,1552.0,419488,138900,1575.5200000000004,419665,139234,1574.800000000001,419842,139568,1574.0800000000017,420019,139902,1573.3600000000024,420195,140235,1572.640000000003,420369,140563,1508.1600000000035,420535,140876,1443.680000000004,420693,141175,1379.2000000000044,420845,141462,1314.7200000000048
HUANG_PCN,true
HUANG_PCN,true
,215388,454282,833.0,215252,454136,832.52,215116,453989,831.8,214981,453843,831.0799999999999,214845,453697,830.3599999999999,214710,453551,829.6399999999999,214574,453405,828.9199999999998,214439,453259,828.1999999999998,214304,453114,827.4799999999998,214169,452968,826.7599999999998
,158013,327642,551.6800000000001,157924,327544,550.7200000000003,157836,327445,549.7600000000004,157750,327349,516.9600000000006,157667,327257,516.0000000000008,157584,327165,515.040000000001,157502,327073,514.0800000000012,157419,326982,513.1200000000014,157337,326890,512.1600000000016,157255,326799,511.20000000000147
,500660,239465,832.76,500724,239276,832.04,500789,239087,831.3199999999999,500853,238898,830.5999999999999,500917,238709,829.8799999999999,500981,238521,829.1599999999999,501045,238333,828.4399999999998,501109,238144,827.7199999999998,501173,237957,826.9999999999998,501237,237769,826.2799999999997
,48124,216638,1612.0,48303,216289,1635.5200000000004,48482,215939,1634.800000000001,48661,215590,1634.0800000000017,48839,215241,1633.3600000000024,49018,214893,1632.640000000003,49197,214544,1631.9200000000037,49375,214196,1631.2000000000044,49554,213847,1630.480000000005,49732,213499,1629.7600000000057
HUANG_PCN,true
HUANG_PCN,true
HUANG_PCN,true
,134242,211466,832.5999999999999,134387,211328,831.3999999999996,134530,211190,830.1999999999994,134674,211052,828.9999999999991,134818,210915,827.7999999999988,134961,210777,826.5999999999985,135104,210640,825.3999999999983,135247,210503,824.199999999998,135389,210366,822.9999999999977,135532,210230,821.7999999999975
HUANG_PCN,true
,555612,334813,833.0,555480,334662,832.8400000000001,555348,334512,832.6000000000004,555216,334362,832.3600000000006,555085,334212,832.1200000000008,554957,334067,799.920000000001,554830,333922,799.6800000000012,554704,333778,799.4400000000014,554582,333639,767.2400000000016,554460,333500,767.0000000000018
HUANG_PCN,true
,565581,363472,512.0,565665,363563,503.87999999999994,565747,363651,503.6399999999998,565828,363739,471.4399999999997,565905,363822,471.1999999999996,565982,363905,470.95999999999947,566059,363988,470.71999999999935,566134,364069,438.51999999999924,566205,364146,438.2799999999991,566277,364223,438.039999999999
HUANG_PCN,true
,58262,237706,833.0,58107,237831,832.1999999999998,57951,237956,830.9999999999995,57796,238081,829.7999999999993,57641,238206,828.599999999999,57486,238330,827.3999999999987,57440,238389,826.1999999999985,57307,238241,824.9999999999982,57175,238094,823.7999999999979,57043,237947,822.5999999999976
,169073,339941,833.0,169005,340012,832.28,169156,339882,831.56,169308,339752,830.8399999999999,169459,339622,830.1199999999999,169610,339492,829.3999999999999,169761,339362,828.6799999999998,169912,339233,827.9599999999998,170062,339104,827.2399999999998,170213,338974,826.5199999999998
HUANG_PCN,true
,487301,320087,832.9200000000001,487167,319939,832.6800000000003,487033,319791,832.4400000000005,486900,319642,832.2000000000007,486766,319494,831.960000000001,486632,319346,831.7200000000012,486498,319198,831.4800000000014,486365,319049,831.2400000000016,486231,318901,831.0000000000018,486098,318753,830.760000000002
HUANG_PCN,true
,112594,149915,797.0,112470,149774,776.6799999999998,112347,149635,776.1999999999996,112223,149495,775.7199999999993,112100,149356,775.2399999999991,111982,149222,742.8399999999989,111864,149089,742.3599999999986,111746,148955,741.8799999999984,111628,148822,741.3999999999982,111510,148689,740.9199999999979
,392905,380183,435.84000000000003,392975,380260,435.3600000000001,393046,380338,434.8800000000002,393116,380415,434.4000000000003,393185,380492,433.9200000000004,393255,380570,433.4400000000005,393325,380647,432.9600000000006,393395,380724,432.4800000000007,393464,380800,432.0000000000008,393534,380877,431.5200000000009
,166116,380414,1224.0,165915,380199,1224.0,165715,379985,1224.0,165514,379770,1224.0,165318,379555,1224.0,165120,379337,1224.0,164922,379120,1224.0,164725,378903,1224.0,164527,378685,1224.0,164330,378468,1224.0
,514124,213942,824.0,513971,214063,803.52,513820,214182,802.8,513669,214302,802.0799999999999,513812,214112,801.3599999999999,513808,213920,800.6399999999999,513803,213728,799.9199999999998,513799,213536,799.1999999999998,513795,213345,798.4799999999998,513791,213153,797.7599999999998
,249263,301444,1220.0,249483,301267,1167.5199999999998,249699,301092,1134.7199999999993,249910,300921,1133.7599999999989,250117,300754,1100.9599999999984,250321,300589,1068.159999999998,250521,300428,1067.1999999999975,250719,300268,1034.3999999999971,250912,300112,1033.4399999999966,251105,299957,1032.4799999999962
HUANG_PCN,true
HUANG_PCN,true
,401030,454997,833.0,401179,454864,832.6799999999998,401328,454730,832.1999999999996,401476,454597,831.7199999999993,401625,454464,831.2399999999991,401773,454331,830.7599999999989,401916,454348,830.2799999999986,402055,454492,829.7999999999984,402193,454635,829.3199999999981,402331,454778,828.8399999999979
HUANG_PCN,true
HUANG_PCN,true
,555889,267936,488.0,555917,268055,511.20000000000005,555945,268170,478.2000000000001,555971,268282,477.00000000000017,555997,268393,475.80000000000024,556023,268504,474.6000000000003,556049,268615,473.4000000000004,556076,268725,472.20000000000044,556102,268835,471.0000000000005,556127,268945,469.8000000000006
,530588,350536,832.6800000000001,530455,350388,831.7200000000003,530321,350239,830.7600000000004,530188,350091,829.8000000000006,530055,349943,828.8400000000008,529922,349795,827.880000000001,529790,349647,826.9200000000012,529657,349500,825.9600000000014,529525,349353,825.0000000000016,529393,349205,824.0400000000018
HUANG_PCN,true
HUANG_PCN,true
HUANG_PCN,false
HUANG_PCN,true
HUANG_PCN,true
,182655,398516,514.9599999999974,182746,398613,586.9599999999974,182849,398723,658.9599999999974,182964,398846,730.9599999999974,183091,398982,802.9599999999974,183230,399130,874.9599999999974,183380,399290,946.9599999999974,183530,399451,886.9599999999974,183667,399597,826.9599999999974,183802,399741,810.9599999999974
,220147,416926,504.8799999999994,220058,416829,576.8799999999994,219958,416720,648.8799999999994,219845,416598,720.8799999999994,219721,416463,792.8799999999994,219587,416318,833.0,219451,416171,833.0,219316,416024,833.0,219181,415877,833.0,219045,415730,833.0
HUANG_PCN,false
,162697,382212,400.0,162771,382147,436.0,162857,382071,508.0,162957,381984,580.0,163069,381886,652.0,163194,381776,724.0,163332,381655,796.0,163479,381525,824.0,163625,381397,808.0,163770,381270,792.0
HUANG_PCN,false
,99607,393537,0.0,99661,393597,400.0,99725,393668,400.0,99789,393740,400.0,99853,393812,400.0,99917,393883,400.0,99981,393955,400.0,100045,394026,400.0,100108,394098,400.0,100172,394170,400.0
HUANG_PCN,true
HUANG_PCN,true
,322828,267521,400.0,322774,267438,436.0,322712,267341,508.0,322641,267230,580.0,322561,267105,652.0,322471,266964,724.0,322372,266809,796.0,322265,266642,833.0,322157,266474,833.0,322049,266306,833.0
,436225,8252,0.0,436225,8252,0.0,436225,8252,0.0,436225,8252,0.0,436225,8252,0.0,436225,8252,0.0,436225,8252,0.0,436225,8252,0.0,436225,8252,0.0,436221,8255,48.0
,436225,8252,0.0,436225,8252,0.0,436225,8252,0.0,436225,8252,0.0,436153,8316,400.0,436082,8378,372.0,436012,8440,400.0,435942,8503,384.0,435870,8566,412.0,435799,8628,396.0
,488259,163133,611.0800000000045,488335,163261,646.9600000000046,488420,163404,718.9600000000046,488513,163561,790.9600000000046,488614,163731,833.0,488716,163903,833.0,488818,164075,833.0,488920,164247,833.0,489022,164419,833.0,489124,164591,833.0
HUANG_PCN,true
,215332,347854,0.0,215332,347854,0.0,215332,347854,0.0,215332,347854,0.0,215332,347854,0.0,215332,347854,0.0,215332,347854,0.0,215332,347854,0.0,215332,347854,0.0,215332,347854,0.0
,215332,347854,0.0,215332,347854,0.0,215332,347854,0.0,215332,347854,0.0,215332,347854,0.0,215332,347854,0.0,215332,347854,0.0,215332,347854,0.0,215332,347854,0.0,215332,347854,0.0
,215332,347854,0.0,215332,347854,0.0,215332,347854,0.0,215332,347854,0.0,215332,347854,0.0,215332,347854,0.0,215332,347854,0.0,215327,347849,60.0,215310,347831,132.0,215282,347800,204.0
,555104,93408,0.0,555104,93408,0.0,555104,93408,0.0,555104,93408,0.0,555104,93408,0.0,555104,93408,0.0,555104,93408,0.0,555104,93408,0.0,555104,93408,0.0,555104,93408,0.0
,555104,93408,0.0,555104,93408,0.0,555104,93408,0.0,555104,93408,0.0,555104,93408,0.0,555104,93408,0.0,555104,93408,0.0,555097,93411,60.0,555075,93422,132.0,555038,93441,204.0
,590420,41733,0.0,590420,41733,0.0,590420,41733,0.0,590420,41733,0.0,590420,41733,0.0,590420,41733,0.0,590420,41733,0.0,590420,41733,0.0,590420,41733,0.0,590420,41733,0.0
,590420,41733,0.0,590420,41733,0.0,590420,41733,0.0,590420,41733,0.0,590420,41733,0.0,590420,41733,0.0,590420,41733,0.0,590414,41736,60.0,590393,41748,132.0,590356,41768,204.0
HUANG_PCN,false
,75645,267595,697.2399999999994,75519,267709,732.8799999999994,75382,267834,804.8799999999994,75234,267969,833.0,75087,268103,833.0,74939,268238,833.0,74791,268373,833.0,74644,268507,833.0,74496,268642,833.0,74348,268777,833.0
,231931,284641,687.3999999999944,232096,284612,722.7999999999943,232277,284581,794.7999999999943,232475,284546,866.7999999999943,232689,284508,938.7999999999943,232921,284468,1010.7999999999943,233170,284424,1082.7999999999943,233436,284377,1154.7999999999943,233719,284327,1226.7999999999943,233983,284180,1298.7999999999943
HUANG_PCN,true
HUANG_PCN,false
,484494,436566,726.159999999995,484612,436698,761.9199999999948,484740,436842,833.0,484873,436992,833.0,485006,437141,833.0,485139,437290,833.0,485272,437439,833.0,485406,437588,833.0,485539,437737,833.0,485667,437881,737.0
HUANG_PCN,false
,602785,129596,564.3200000000039,602673,129676,599.840000000004,602547,129766,671.840000000004,602409,129865,722.0,602268,129965,722.0,602127,130066,722.0,601986,130167,722.0,601845,130267,722.0,601704,130368,722.0,601563,130468,722.0
HUANG_PCN,false
,111019,148133,708.0,110905,148003,744.0,110780,147862,816.0,110647,147712,833.0,110515,147563,833.0,110383,147413,833.0,110250,147263,833.0,110118,147113,833.0,109985,146964,833.0,109853,146814,833.0
HUANG_PCN,false
HUANG_PCN,true
,412187,133950,400.0,412274,133902,436.0,412374,133847,508.0,412490,133783,580.0,412620,133710,652.0,412766,133630,724.0,412927,133540,796.0,413100,133444,833.0,413275,133347,833.0,413450,133250,833.0
HUANG_PCN,false
HUANG_PCN,true
HUANG_PCN,true
HUANG_PCN,false
,427142,439183,809.9199999999948,427008,439036,833.0,426873,438888,833.0,426739,438740,833.0,426604,438592,833.0,426470,438444,833.0,426335,438297,833.0,426200,438149,833.0,426069,438005,805.0,425941,437864,789.0
,128169,248775,831.3999999999944,128038,248625,822.7999999999943,127909,248477,806.7999999999943,127778,248327,834.7999999999943,127649,248179,818.7999999999943,127519,248030,802.7999999999943,127398,247890,698.7999999999943,127305,247784,506.79999999999427,127323,247931,314.79999999999427,127360,247899,122.79999999999427
,502093,257827,674.3200000000039,501939,257770,694.0,501783,257712,694.0,501627,257654,694.0,501471,257596,694.0,501314,257539,694.0,501158,257481,694.0,501002,257423,694.0,500846,257365,694.0,500690,257308,694.0
,340112,235853,855.3999999999944,339940,235970,890.7999999999943,339755,236095,962.7999999999943,339555,236230,1034.7999999999943,339341,236375,1106.7999999999943,339112,236530,1178.7999999999943,338870,236694,1250.7999999999943,338613,236868,1322.7999999999943,338341,237051,1394.7999999999943,338056,237244,1466.7999999999943
HUANG_PCN,true
,441841,98373,823.159999999995,441931,98550,833.0,442020,98729,833.0,442110,98908,833.0,442200,99086,833.0,442290,99265,833.0,442380,99444,833.0,442469,99622,833.0,442559,99801,833.0,442649,99979,833.0
,470879,301886,818.2399999999994,470747,301739,833.0,470613,301591,833.0,470479,301442,833.0,470345,301294,833.0,470211,301146,833.0,470077,300997,833.0,469943,300849,833.0,469809,300700,833.0,469675,300552,833.0
,96563,405590,764.1600000000044,96737,405615,724.0800000000045,96901,405638,664.0800000000045,97059,405661,648.0800000000045,97209,405682,632.0800000000045,97348,405702,572.0800000000045,97473,405720,512.0800000000045,97582,405735,408.0800000000045,97670,405748,304.0800000000045,97715,405754,112.08000000000447
,415339,299066,776.5999999999945,415153,299100,811.9999999999943,414951,299136,883.9999999999943,414732,299176,955.9999999999943,414497,299219,1027.9999999999943,414244,299265,1099.9999999999943,413974,299314,1171.9999999999943,413691,299366,1199.9999999999943,413415,299416,1139.9999999999943,413150,299464,1123.9999999999943
,356293,422715,833.0,356427,422863,833.0,356561,423011,833.0,356695,423160,833.0,356829,423308,833.0,356960,423454,769.0,357066,423571,577.0,357148,423661,517.0,357213,423733,325.0,357247,423771,133.0
HUANG_PCN,true
,220347,28499,757.3200000000039,220512,28580,777.0,220680,28662,777.0,220847,28744,777.0,221014,28827,777.0,221182,28909,777.0,221349,28991,777.0,221516,29074,777.0,221684,29156,777.0,221851,29238,777.0
HUANG_PCN,false
HUANG_PCN,false
HUANG_PCN,false
HUANG_PCN,true
HUANG_PCN,false
HUANG_PCN,true
HUANG_PCN,false
HUANG_PCN,false
HUANG_PCN,false
HUANG_PCN,false
HUANG_PCN,false
,126515,490089,400.0,126587,490022,436.0,126671,489943,508.0,126767,489852,580.0,126875,489749,652.0,126996,489635,724.0,127130,489509,796.0,127274,489372,833.0,127419,489235,833.0,127564,489098,833.0
,98500,369233,813.3200000000039,98356,369367,833.0,98210,369504,833.0,98084,369623,641.0,97991,369709,449.0,98028,369858,389.0,97958,369781,461.0,97877,369692,533.0,97790,369596,561.0,97697,369495,589.0
HUANG_PCN,true
HUANG_PCN,true
,266371,487327,0.0,266371,487327,0.0,266349,487348,368.0,266281,487415,400.0,266211,487484,424.0,266131,487562,496.0,266255,487582,568.0,266155,487476,640.0,266042,487356,712.0,265918,487225,784.0
HUANG_PCN,true
,145488,25983,567.7999999999953,145427,26104,559.5599999999952,145367,26222,543.5599999999952,145308,26340,527.5599999999952,145250,26456,555.5599999999952,145192,26571,539.5599999999952,145133,26688,567.5599999999952,145073,26806,551.5599999999952,145012,26927,579.5599999999952,144950,27051,563.5599999999952
HUANG_PCN,true
,289345,207124,1131.3999999999944,289508,206903,1166.7999999999943,289680,206670,1238.7999999999943,289862,206422,1310.7999999999943,290054,206161,1382.7999999999943,290257,205886,1454.7999999999943,290470,205596,1526.7999999999943,290694,205293,1598.7999999999943,290927,204976,1670.7999999999943,291171,204645,1742.7999999999943
HUANG_PCN,false
HUANG_PCN,false
HUANG_PCN,true
HUANG_PCN,true
HUANG_PCN,false
HUANG_PCN,false
HUANG_PCN,false
,114952,84093,0.0,114952,84093,0.0,114952,84093,0.0,114952,84093,0.0,114952,84093,0.0,114952,84093,0.0,114952,84093,0.0,114952,84093,0.0,114952,84093,0.0,114952,84093,0.0
,534672,249709,808.3999999999944,534608,249894,833.0,534542,250083,833.0,534476,250272,833.0,534411,250461,833.0,534345,250650,833.0,534279,250838,833.0,534214,251027,833.0,534148,251216,833.0,534082,251405,833.0
HUANG_PCN,false
,189155,468141,0.0,189155,468141,0.0,189155,468141,0.0,189155,468141,0.0,189155,468141,0.0,189155,468141,0.0,189155,468141,0.0,189155,468141,0.0,189155,468141,0.0,189155,468141,0.0
HUANG_PCN,false
,80712,112271,818.2399999999994,80587,112117,833.0,80462,111961,833.0,80337,111806,833.0,80211,111650,833.0,80086,111494,833.0,79960,111338,833.0,79835,111183,833.0,79710,111027,833.0,79755,111108,833.0
,470453,109670,645.2399999999994,470324,109749,617.1199999999994,470200,109825,601.1199999999994,470076,109901,585.1199999999994,469955,109975,569.1199999999994,469834,110049,597.1199999999994,469715,110122,581.1199999999994,469594,110196,609.1199999999994,469473,110270,593.1199999999994,469347,110347,621.1199999999994
HUANG_PCN,true
HUANG_PCN,true
HUANG_PCN,false
HUANG_PCN,false
HUANG_PCN,true
HUANG_PCN,false
,300216,188453,0.0,300216,188453,0.0,300216,188453,0.0,300216,188453,0.0,300216,188453,0.0,300216,188453,0.0,300217,188455,36.0,300227,188471,108.0,300246,188502,180.0,300261,188524,32.0
HUANG_PCN,false
HUANG_PCN,false
HUANG_PCN,false
,464196,459647,0.0,464196,459647,0.0,464196,459647,0.0,464196,459647,0.0,464196,459647,0.0,464197,459646,24.0,464209,459636,96.0,464234,459614,168.0,464272,459581,240.0,464323,459536,312.0
HUANG_PCN,false
HUANG_PCN,false
,139011,372044,664.8799999999994,138895,371920,736.8799999999994,138768,371784,808.8799999999994,138632,371638,833.0,138495,371492,833.0,138359,371346,833.0,138222,371200,833.0,138086,371053,833.0,137950,370907,833.0,137813,370761,833.0
HUANG_PCN,false
,312231,281127,0.0,312231,281127,0.0,312231,281127,0.0,312231,281127,0.0,312231,281127,0.0,312231,281127,0.0,312231,281127,0.0,312231,281127,0.0,312231,281127,0.0,312231,281127,0.0
HUANG_PCN,true
HUANG_PCN,false
HUANG_PCN,false
,189456,467888,0.0,189456,467888,0.0,189456,467888,0.0,189456,467888,0.0,189456,467888,0.0,189456,467888,0.0,189456,467888,0.0,189456,467888,0.0,189456,467888,0.0,189456,467888,0.0
,352044,289982,910.319999999995,351847,290082,946.0799999999949,351635,290190,1018.0799999999949,351408,290305,1090.079999999995,351175,290414,1162.079999999995,350906,290519,1234.079999999995,350621,290631,1306.079999999995,350320,290750,1378.079999999995,350003,290874,1450.079999999995,349673,291004,1478.079999999995
HUANG_PCN,false
HUANG_PCN,false
,454544,303277,823.159999999995,454412,303129,833.0,454278,302980,833.0,454145,302831,833.0,454011,302682,833.0,453878,302534,833.0,453744,302385,833.0,453610,302236,833.0,453477,302087,833.0,453343,301939,833.0
HUANG_PCN,false
,307439,269285,604.3999999999946,307360,269160,639.7999999999945,307273,269021,711.7999999999945,307176,268868,783.7999999999945,307070,268701,855.7999999999945,306956,268518,927.7999999999945,306843,268315,999.7999999999945,306724,268095,1071.7999999999945,306597,267860,1143.7999999999945,306461,267610,1215.7999999999945
HUANG_PCN,false
,83701,147275,0.0,83701,147275,0.0,83701,147275,0.0,83701,147275,0.0,83701,147275,0.0,83701,147275,0.0,83701,147275,0.0,83701,147275,0.0,83701,147275,0.0,83701,147275,12.0
HUANG_PCN,true
HUANG_PCN,true
,582281,366711,0.0,582281,366711,0.0,582281,366711,0.0,582281,366711,0.0,582281,366711,0.0,582281,366711,0.0,582281,366711,0.0,582281,366711,0.0,582281,366711,0.0,582281,366711,0.0
HUANG_PCN,false
,300000,188112,0.0,300000,188112,0.0,300000,188112,0.0,300000,188112,0.0,300000,188112,0.0,300000,188112,0.0,300000,188112,0.0,300000,188112,0.0,300000,188112,0.0,300002,188114,36.0
,233455,455178,833.0,233598,455041,813.0,233728,454916,709.0,233842,454807,605.0,233943,454711,545.0,234029,454628,485.0,234103,454557,381.0,234157,454505,233.0,234178,454485,41.0,234178,454485,0.0
HUANG_PCN,true
HUANG_PCN,false
HUANG_PCN,true
HUANG_PCN,true
HUANG_PCN,true
HUANG_PCN,true
HUANG_PCN,true
HUANG_PCN,false
,254747,282990,813.3200000000039,254584,283100,833.0,254418,283212,833.0,254252,283324,833.0,254086,283436,833.0,253921,283547,833.0,253755,283659,833.0,253684,283743,869.0,253526,283592,941.0,253355,283429,1013.0
HUANG_PCN,true
HUANG_PCN,true
,169764,97729,0.0,169764,97729,0.0,169764,97729,0.0,169764,97729,0.0,169764,97729,0.0,169764,97729,0.0,169764,97729,0.0,169764,97729,0.0,169764,97729,0.0,169764,97729,0.0
HUANG_PCN,true
HUANG_PCN,false
,396887,282093,0.0,396887,282093,0.0,396887,282093,0.0,396887,282093,0.0,396887,282093,0.0,396888,282092,24.0,396900,282081,96.0,396924,282059,168.0,396962,282025,240.0,397012,281980,312.0
,24775,286125,833.0,24629,286261,833.0,24482,286397,833.0,24336,286534,833.0,24189,286670,833.0,24043,286806,833.0,23896,286942,833.0,23750,287078,833.0,23604,287214,833.0,23457,287350,833.0
,179928,214657,808.3999999999944,180078,214529,833.0,180229,214399,833.0,180381,214269,833.0,180533,214139,833.0,180685,214009,833.0,180837,213879,833.0,180989,213749,833.0,181141,213619,833.0,181293,213489,833.0
,115419,389479,0.0,115419,389479,0.0,115419,389479,0.0,115419,389479,0.0,115421,389477,36.0,115432,389461,108.0,115453,389432,180.0,115484,389389,252.0,115526,389332,324.0,115577,389261,396.0
,463885,459918,0.0,463885,459918,0.0,463885,459918,0.0,463885,459918,0.0,463886,459917,24.0,463898,459907,96.0,463923,459885,168.0,463961,459852,240.0,464012,459808,312.0,464076,459752,384.0
,298413,333608,0.0,298413,333608,0.0,298413,333608,0.0,298413,333608,0.0,298413,333608,0.0,298406,333615,72.0,298385,333633,144.0,298352,333663,216.0,298306,333704,288.0,298247,333757,360.0
HUANG_PCN,false
HUANG_PCN,true
,511721,115064,0.0,511721,115064,0.0,511721,115064,0.0,511721,115064,0.0,511721,115064,0.0,511721,115064,0.0,511721,115064,0.0,511721,115064,0.0,511721,115064,0.0,511715,115067,60.0
,184773,399945,0.0,184773,399945,0.0,184773,399945,0.0,184773,399945,0.0,184773,399945,0.0,184773,399945,0.0,184773,399945,0.0,184773,399945,0.0,184773,399945,0.0,184773,399945,0.0
HUANG_PCN,false
HUANG_PCN,true
,280133,281722,463.0799999999975,280227,281657,498.9599999999974,280333,281582,570.9599999999974,280454,281498,642.9599999999974,280588,281404,714.9599999999974,280737,281300,786.9599999999974,280900,281186,858.9599999999974,281078,281062,930.9599999999974,281269,280928,1002.9599999999974,281474,280784,1074.9599999999973
,21137,370202,612.0,21264,370122,648.0,21404,370034,720.0,21559,369937,792.0,21729,369831,864.0,21913,369716,936.0,22112,369591,1008.0,22326,369458,1080.0,22554,369315,1152.0,22797,369163,1224.0
,513853,214684,0.0,513853,214684,0.0,513853,214684,0.0,513853,214684,0.0,513853,214684,0.0,513853,214684,0.0,513853,214684,0.0,513853,214684,0.0,513853,214684,0.0,513853,214684,0.0
,551781,454097,828.0800000000045,551649,453948,833.0,551516,453798,833.0,551384,453649,833.0,551251,453499,833.0,551118,453350,833.0,550986,453200,833.0,550853,453050,833.0,550720,452901,833.0,550588,452751,833.0
,306221,68119,0.0,306221,68119,0.0,306221,68119,0.0,306221,68119,0.0,306221,68119,0.0,306221,68119,0.0,306221,68119,0.0,306221,68119,0.0,306221,68119,0.0,306221,68119,0.0
HUANG_PCN,false
HUANG_PCN,false
,109970,456939,911.0800000000045,109802,457080,916.0,109633,457221,916.0,109464,457362,916.0,109296,457503,916.0,109127,457644,916.0,109061,457821,928.0,108907,457646,1000.0,108743,457458,1072.0,108567,457257,1144.0
HUANG_PCN,true
HUANG_PCN,false
,217599,111782,474.59999999999945,217610,111898,510.23999999999944,217622,112030,582.2399999999994,217636,112180,654.2399999999994,217651,112346,726.2399999999994,217668,112530,798.2399999999994,217687,112727,833.0,217705,112926,833.0,217723,113126,833.0,217742,113325,833.0
,273111,14288,781.4800000000039,273249,14162,773.000000000004,273383,14040,757.000000000004,273510,13925,697.000000000004,273629,13816,637.000000000004,273734,13721,577.000000000004,273830,13634,517.000000000004,273918,13553,501.000000000004,274001,13479,441.000000000004,274082,13404,469.000000000004
,397492,281543,0.0,397492,281543,0.0,397492,281543,0.0,397492,281543,0.0,397492,281543,0.0,397492,281543,0.0,397492,281543,0.0,397487,281548,60.0,397469,281564,132.0,397439,281591,160.0
HUANG_PCN,false
HUANG_PCN,true
,159965,219301,0.0,159965,219301,0.0,159965,219301,0.0,159965,219301,0.0,159965,219301,0.0,159966,219302,24.0,159981,219308,96.0,160011,219322,168.0,160057,219342,240.0,160119,219370,312.0
,500991,145195,0.0,500991,145195,0.0,500991,145195,0.0,500991,145195,0.0,500991,145195,0.0,500991,145195,0.0,500991,145195,0.0,500991,145195,0.0,500991,145195,0.0,500991,145195,0.0
HUANG_PCN,false
,351574,290829,0.0,351574,290829,0.0,351574,290829,0.0,351574,290829,0.0,351574,290829,0.0,351574,290829,0.0,351574,290829,0.0,351574,290829,0.0,351574,290829,0.0,351574,290829,0.0
,431101,298727,0.0,431101,298727,0.0,431101,298727,0.0,431101,298727,0.0,431101,298727,0.0,431101,298727,0.0,431101,298727,0.0,431101,298727,0.0,431101,298727,0.0,431101,298727,0.0
HUANG_PCN,true
,204617,354936,916.0,204468,354774,916.0,204319,354613,916.0,204169,354452,916.0,204020,354290,916.0,203871,354129,916.0,203722,353968,916.0,203572,353806,916.0,203423,353645,916.0,203274,353483,916.0
HUANG_PCN,false
HUANG_PCN,false
,451418,163808,0.0,451418,163808,0.0,451418,163808,0.0,451418,163808,0.0,451418,163808,0.0,451418,163808,0.0,451418,163808,0.0,451418,163808,0.0,451418,163808,0.0,451418,163808,0.0
HUANG_PCN,true
HUANG_PCN,false
,547188,386370,0.0,547194,386378,72.0,547211,386400,144.0,547238,386435,216.0,547275,386485,288.0,547322,386548,360.0,547380,386625,432.0,547453,386668,504.0,547549,386578,576.0,547657,386477,648.0
,463574,460189,0.0,463574,460189,0.0,463574,460189,0.0,463574,460189,0.0,463580,460184,60.0,463598,460168,132.0,463630,460140,204.0,463674,460102,276.0,463732,460051,348.0,463802,459990,420.0
,409709,93027,656.0,409569,93105,684.0,409429,93183,668.0,409286,93262,696.0,409143,93341,680.0,408998,93422,708.0,408853,93503,692.0,408705,93585,720.0,408559,93666,704.0,408412,93748,688.0
,312455,281454,0.0,312455,281454,0.0,312455,281454,0.0,312455,281454,0.0,312455,281454,0.0,312455,281454,0.0,312455,281454,0.0,312455,281454,0.0,312455,281454,0.0,312455,281454,0.0
,434620,425412,0.0,434620,425412,0.0,434620,425412,0.0,434620,425412,0.0,434620,425412,0.0,434620,425412,0.0,434620,425412,0.0,434620,425412,0.0,434620,425412,0.0,434620,425412,0.0
,83679,167780,833.0,83564,167616,833.0,83450,167452,833.0,83335,167288,833.0,83221,167124,833.0,83106,166960,833.0,82992,166796,833.0,82877,166632,833.0,82763,166468,833.0,82648,166304,833.0
HUANG_PCN,true
HUANG_PCN,false
HUANG_PCN,true
HUANG_PCN,false
HUANG_PCN,false
,105253,16724,0.0,105253,16724,0.0,105253,16724,0.0,105253,16724,0.0,105253,16724,0.0,105253,16724,0.0,105253,16724,0.0,105253,16724,0.0,105253,16724,0.0,105253,16724,0.0
HUANG_PCN,false
HUANG_PCN,true
HUANG_PCN,false
,135471,47118,0.0,135471,47118,0.0,135471,47118,0.0,135471,47118,0.0,135462,47113,72.0,135439,47100,144.0,135400,47077,216.0,135346,47046,288.0,135278,47007,360.0,135194,46959,432.0
HUANG_PCN,false
HUANG_PCN,true
HUANG_PCN,true
,512091,114879,0.0,512091,114879,0.0,512091,114879,0.0,512091,114879,0.0,512091,114879,0.0,512091,114879,0.0,512091,114879,0.0,512087,114881,48.0,512068,114891,120.0,512033,114908,192.0
,215332,347854,0.0,215332,347854,0.0,215330,347852,36.0,215317,347838,108.0,215293,347812,180.0,215257,347772,252.0,215209,347720,324.0,215150,347655,396.0,215079,347578,468.0,214997,347487,540.0
HUANG_PCN,false
HUANG_PCN,false
,283077,162553,0.0,283077,162553,0.0,283077,162553,0.0,283077,162553,0.0,283077,162553,0.0,283077,162553,0.0,283077,162553,0.0,283077,162553,0.0,283077,162553,0.0,283078,162552,24.0
,435641,170233,0.0,435641,170233,0.0,435641,170233,0.0,435641,170233,0.0,435641,170233,0.0,435641,170233,0.0,435641,170233,0.0,435641,170233,0.0,435641,170233,0.0,435641,170233,0.0
,115179,389811,0.0,115180,389809,24.0,115189,389797,96.0,115208,389770,168.0,115238,389729,240.0,115278,389674,312.0,115327,389605,384.0,115383,389528,368.0,115419,389479,176.0,115429,389466,0.0
HUANG_PCN,false
HUANG_PCN,true
HUANG_PCN,false
HUANG_PCN,false
HUANG_PCN,false
,546952,386055,0.0,546953,386057,24.0,546962,386069,96.0,546982,386096,168.0,547013,386136,240.0,547053,386190,312.0,547104,386258,384.0,547155,386326,280.0,547179,386358,88.0,547192,386374,116.0
,86893,249321,833.0,87027,249470,833.0,87160,249619,833.0,87294,249768,833.0,87427,249917,833.0,87560,250066,833.0,87694,250214,833.0,87827,250363,833.0,87961,250512,833.0,88094,250661,833.0
HUANG_PCN,true
,140290,160826,0.0,140290,160826,0.0,140290,160826,0.0,140290,160826,0.0,140290,160826,0.0,140290,160826,0.0,140290,160826,0.0,140290,160826,0.0,140290,160826,0.0,140290,160826,0.0
,557359,211596,833.0,557209,211729,833.0,557059,211861,833.0,556909,211993,833.0,556759,212125,833.0,556609,212257,833.0,556459,212390,833.0,556309,212522,833.0,556159,212654,833.0,556009,212786,833.0
HUANG_PCN,false
HUANG_PCN,false
HUANG_PCN,false
,160806,219402,0.0,160806,219402,0.0,160806,219402,0.0,160806,219402,0.0,160806,219402,0.0,160806,219402,0.0,160806,219402,0.0,160806,219402,0.0,160806,219402,0.0,160806,219402,12.0
,398403,385671,0.0,398403,385671,0.0,398403,385671,0.0,398403,385671,0.0,398403,385671,0.0,398403,385671,0.0,398403,385671,0.0,398403,385671,0.0,398403,385671,0.0,398403,385671,0.0
HUANG_PCN,true
HUANG_PCN,true
HUANG_PCN,false
HUANG_PCN,true
,513892,215085,0.0,513892,215085,0.0,513892,215085,0.0,513892,215085,0.0,513892,215085,0.0,513892,215085,0.0,513892,215085,0.0,513892,215085,0.0,513892,215085,0.0,513892,215085,0.0
,351834,291139,0.0,351834,291139,0.0,351834,291139,0.0,351834,291139,0.0,351834,291139,0.0,351834,291139,0.0,351834,291139,0.0,351834,291139,0.0,351834,291139,0.0,351834,291139,0.0
HUANG_PCN,true
HUANG_PCN,true
,341299,294292,842.7999999999943,341116,294364,826.7999999999943,340932,294436,810.7999999999943,340748,294509,838.7999999999943,340564,294581,822.7999999999943,340381,294653,806.7999999999943,340196,294725,834.7999999999943,340167,294701,833.0,340089,294516,833.0,340011,294332,833.0
HUANG_PCN,false
,115746,388687,0.0,115746,388687,0.0,115746,388687,0.0,115746,388687,0.0,115746,388687,0.0,115746,388687,0.0,115746,388687,0.0,115746,388687,0.0,115746,388687,0.0,115746,388687,0.0
HUANG_PCN,false
,84276,32830,565.5999999999995,84384,32743,593.5999999999995,84494,32654,577.5999999999995,84607,32563,605.5999999999995,84723,32469,633.5999999999995,84839,32375,617.5999999999995,84958,32279,645.5999999999995,85080,32181,673.5999999999995,85202,32081,657.5999999999995,85327,31980,685.5999999999995
,343976,384214,2076.879999999999,343637,383842,2104.879999999999,343297,383469,2088.879999999999,342955,383093,2116.879999999999,342610,382716,2144.879999999999,342266,382338,2128.879999999999,341920,381958,2156.879999999999,341575,381580,2140.879999999999,341230,381200,2124.879999999999,340885,380823,2108.879999999999
HUANG_PCN,false
HUANG_PCN,false
HUANG_PCN,false
,10770,211964,521.0,10756,211904,593.0,10856,212005,621.0,10962,212111,649.0,11073,212222,677.0,11188,212337,705.0,11304,212454,689.0,11424,212575,717.0,11548,212699,745.0,11673,212824,729.0
HUANG_PCN,false
,292517,327743,1677.9199999999948,292246,327445,1661.9199999999948,291985,327159,1601.9199999999948,291730,326879,1541.9199999999948,291481,326606,1525.9199999999948,291237,326338,1509.9199999999948,290999,326077,1449.9199999999948,290766,325821,1433.9199999999948,290536,325569,1417.9199999999948,290311,325321,1401.9199999999948
HUANG_PCN,false
HUANG_PCN,false
HUANG_PCN,false
HUANG_PCN,false
HUANG_PCN,false
HUANG_PCN,false
HUANG_PCN,false
HUANG_PCN,false
,150749,184051,833.0,150892,184191,833.0,151035,184331,833.0,151178,184470,833.0,151321,184610,833.0,151464,184750,833.0,151607,184890,833.0,151750,185029,833.0,151893,185169,833.0,152036,185309,833.0
,167241,341715,833.0,167385,341576,833.0,167529,341436,833.0,167672,341297,833.0,167816,341158,833.0,167960,341019,833.0,168103,340880,833.0,168247,340741,833.0,168390,340602,833.0,168534,340463,833.0
HUANG_PCN,false
HUANG_PCN,false
,132147,53140,833.0,132236,52961,833.0,132326,52782,833.0,132416,52604,833.0,132505,52427,813.0,132586,52266,709.0,132658,52124,649.0,132723,51995,589.0,132782,51878,529.0,132837,51768,513.0
HUANG_PCN,true
HUANG_PCN,false
HUANG_PCN,false
HUANG_PCN,true
,434885,425711,0.0,434885,425711,0.0,434885,425711,0.0,434885,425711,0.0,434885,425711,0.0,434885,425711,0.0,434885,425711,0.0,434885,425711,0.0,434885,425711,0.0,434885,425711,0.0
,546709,385732,0.0,546709,385732,0.0,546712,385736,48.0,546725,385753,120.0,546748,385784,192.0,546782,385829,264.0,546826,385888,336.0,546880,385960,408.0,546938,386037,348.0,546972,386082,156.0
HUANG_PCN,false
HUANG_PCN,true
,410017,446938,833.0,409869,447071,833.0,409720,447205,833.0,409571,447338,833.0,409422,447472,833.0,409273,447605,833.0,409124,447739,833.0,408975,447872,833.0,408827,448006,833.0,408678,448139,833.0
,500783,144842,0.0,500783,144842,0.0,500783,144842,0.0,500783,144842,0.0,500783,144842,0.0,500783,144842,0.0,500783,144842,0.0,500783,144842,0.0,500783,144842,0.0,500783,144842,0.0
HUANG_PCN,true
HUANG_PCN,true
HUANG_PCN,false
,58291,107909,833.0,58452,107791,833.0,58613,107672,833.0,58774,107553,833.0,58935,107434,833.0,59096,107316,833.0,59256,107197,833.0,59417,107078,833.0,59578,106959,833.0,59739,106841,833.0
HUANG_PCN,true
HUANG_PCN,false
HUANG_PCN,false
HUANG_PCN,false
,60136,219016,0.0,60136,219016,0.0,60133,219012,48.0,60119,218996,120.0,60093,218967,192.0,60055,218925,264.0,60006,218870,336.0,59946,218803,408.0,59874,218722,480.0,59790,218629,552.0
HUANG_PCN,false
HUANG_PCN,false
HUANG_PCN,true
,51270,415061,840.0,51401,414909,824.0,51532,414756,852.0,51662,414606,836.0,51791,414456,820.0,51920,414305,804.0,52049,414156,832.0,52178,414006,816.0,52307,413857,800.0,52435,413708,828.0
,126598,20156,808.0,126576,20353,836.0,126492,20673,820.0,126671,20776,892.0,126866,20887,964.0,127068,21003,972.0,127270,21119,972.0,127473,21235,972.0,127675,21351,972.0,127878,21467,972.0
HUANG_PCN,true
HUANG_PCN,true
HUANG_PCN,false
HUANG_PCN,true
,430333,298315,0.0,430333,298315,0.0,430333,298315,0.0,430333,298315,0.0,430333,298315,0.0,430333,298315,0.0,430333,298315,0.0,430333,298315,0.0,430333,298315,0.0,430333,298315,0.0
,185071,399683,0.0,185071,399683,0.0,185071,399683,0.0,185071,399683,0.0,185071,399683,0.0,185071,399683,0.0,185071,399683,0.0,185071,399683,0.0,185071,399683,0.0,185071,399683,0.0
HUANG_PCN,false
HUANG_PCN,true
HUANG_PCN,false
HUANG_PCN,true
HUANG_PCN,false
HUANG_PCN,false
HUANG_PCN,false
HUANG_PCN,false
,342313,79353,786.4799999999994,342630,79517,814.4799999999994,342817,79459,798.4799999999994,343002,79401,826.4799999999994,343188,79343,810.4799999999994,343376,79284,833.0,343563,79226,813.0,343751,79167,833.0,343938,79109,813.0,344126,79050,833.0
,546464,385406,0.0,546464,385406,0.0,546464,385406,0.0,546468,385412,60.0,546483,385432,132.0,546508,385465,204.0,546544,385512,276.0,546590,385573,348.0,546646,385648,420.0,546708,385731,404.0
,429556,285725,833.8399999999995,429415,285866,817.8399999999995,429274,286007,845.8399999999995,429133,286147,829.8399999999995,428992,286288,813.8399999999995,428850,286429,841.8399999999995,428710,286569,825.8399999999995,428569,286710,809.8399999999995,428428,286850,837.8399999999995,428286,286992,821.8399999999995
HUANG_PCN,false
HUANG_PCN,false
,161193,219470,0.0,161193,219470,0.0,161193,219470,0.0,161193,219470,0.0,161193,219470,0.0,161193,219470,0.0,161193,219470,0.0,161193,219470,0.0,161186,219469,60.0,161161,219465,132.0
HUANG_PCN,false
HUANG_PCN,false
HUANG_PCN,true
HUANG_PCN,false
HUANG_PCN,true
HUANG_PCN,false
HUANG_PCN,true
,7759,209007,833.0,7903,209146,833.0,8047,209285,833.0,8191,209424,833.0,8334,209563,833.0,8478,209702,833.0,8622,209841,833.0,8766,209980,833.0,8909,210119,833.0,9051,210256,813.0
HUANG_PCN,false
HUANG_PCN,false
HUANG_PCN,true
HUANG_PCN,true
HUANG_PCN,false
,546221,385083,0.0,546221,385083,0.0,546221,385083,0.0,546221,385083,0.0,546221,385083,0.0,546222,385084,24.0,546231,385097,96.0,546251,385123,168.0,546281,385163,240.0,546322,385217,312.0
,60412,219323,0.0,60412,219323,0.0,60412,219323,12.0,60403,219313,84.0,60383,219291,156.0,60351,219255,228.0,60308,219207,300.0,60253,219146,372.0,60189,219075,400.0,60118,218996,472.0
HUANG_PCN,false
,306154,67730,0.0,306154,67730,0.0,306154,67730,0.0,306154,67730,0.0,306154,67730,0.0,306154,67730,0.0,306154,67730,0.0,306154,67730,0.0,306154,67730,0.0,306154,67730,0.0
HUANG_PCN,true
HUANG_PCN,false
HUANG_PCN,true
HUANG_PCN,false
HUANG_PCN,false
HUANG_PCN,false
HUANG_PCN,true
,378728,157457,833.0,378792,157647,833.0,378857,157836,833.0,378921,158025,833.0,378985,158215,833.0,379049,158404,833.0,379114,158593,833.0,379178,158783,833.0,379242,158972,833.0,379306,159161,833.0
,312684,281789,0.0,312684,281789,0.0,312684,281789,0.0,312684,281789,0.0,312684,281789,0.0,312684,281789,0.0,312684,281789,0.0,312684,281789,0.0,312684,281789,0.0,312684,281789,0.0
HUANG_PCN,false
HUANG_PCN,true
HUANG_PCN,true
HUANG_PCN,false
HUANG_PCN,false
HUANG_PCN,true
,168115,11153,833.0,168026,11332,833.0,167936,11511,833.0,167846,11689,833.0,167756,11868,833.0,167666,12046,833.0,167576,12225,833.0,167486,12403,833.0,167396,12582,833.0,167306,12760,833.0
HUANG_PCN,false
HUANG_PCN,false
HUANG_PCN,true
,549690,275425,0.0,549690,275425,0.0,549690,275425,0.0,549690,275425,0.0,549690,275425,0.0,549690,275425,0.0,549690,275425,0.0,549690,275425,0.0,549690,275425,0.0,549690,275425,0.0
,435300,170465,0.0,435300,170465,0.0,435300,170465,0.0,435300,170465,0.0,435300,170465,0.0,435300,170465,0.0,435300,170465,0.0,435300,170465,0.0,435300,170465,0.0,435300,170465,0.0
HUANG_PCN,true
,142138,162807,0.0,142138,162807,0.0,142138,162807,0.0,142138,162807,0.0,142138,162807,0.0,142138,162807,0.0,142138,162807,0.0,142138,162807,0.0,142138,162807,0.0,142138,162807,0.0
,581885,366726,0.0,581885,366726,0.0,581885,366726,0.0,581885,366726,0.0,581885,366726,0.0,581885,366726,0.0,581885,366726,0.0,581885,366726,0.0,581886,366726,12.0,581899,366725,84.0
,469078,486414,833.0,468946,486263,833.0,468815,486113,833.0,468683,485962,833.0,468551,485812,833.0,468420,485661,833.0,468288,485511,833.0,468157,485360,833.0,468025,485210,833.0,467893,485059,833.0
HUANG_PCN,false
HUANG_PCN,false
,493972,89287,833.0,494133,89405,833.0,494294,89523,833.0,494455,89641,833.0,494617,89760,833.0,494778,89878,833.0,494939,89996,833.0,495100,90114,833.0,495262,90232,833.0,495423,90350,833.0
HUANG_PCN,false
,60684,219627,0.0,60684,219627,0.0,60684,219627,0.0,60684,219626,12.0,60675,219617,84.0,60655,219594,156.0,60623,219559,228.0,60580,219511,300.0,60525,219449,372.0,60459,219375,444.0
,500583,144504,0.0,500583,144504,0.0,500583,144504,0.0,500583,144504,0.0,500583,144504,0.0,500583,144504,0.0,500583,144504,0.0,500583,144504,0.0,500583,144504,0.0,500583,144504,0.0
,388391,438533,2068.0,388084,438174,1920.0,387799,437840,1772.0,387534,437530,1624.0,387289,437244,1520.0,387065,436982,1372.0,386858,436740,1268.0,386670,436519,1164.0,386500,436321,1060.0,386347,436141,956.0
HUANG_PCN,false
HUANG_PCN,false
,381441,368107,0.0,381441,368107,0.0,381441,368107,0.0,381441,368107,0.0,381441,368107,0.0,381441,368107,0.0,381441,368107,0.0,381441,368107,0.0,381441,368107,0.0,381441,368107,0.0
,336575,481204,833.0,336442,481055,833.0,336318,480917,729.0,336209,480795,625.0,336113,480687,565.0,336030,480594,505.0,335956,480512,445.0,335888,480436,429.0,335823,480363,413.0,335775,480309,221.0
,189155,468141,0.0,189155,468141,0.0,189155,468141,0.0,189155,468141,0.0,189155,468141,0.0,189155,468141,0.0,189155,468141,0.0,189155,468141,0.0,189155,468141,0.0,189155,468141,0.0
HUANG_PCN,false
HUANG_PCN,false
HUANG_PCN,false
,213748,145958,700.0,213621,146068,684.0,213492,146179,712.0,213360,146293,740.0,213229,146407,724.0,213094,146524,752.0,212955,146644,780.0,212815,146765,764.0,212672,146889,792.0,212524,147017,813.0
HUANG_PCN,false
HUANG_PCN,false
,466880,218805,0.0,466880,218805,0.0,466880,218805,0.0,466880,218805,0.0,466880,218805,0.0,466880,218805,0.0,466880,218805,0.0,466880,218805,0.0,466880,218805,0.0,466880,218805,0.0
HUANG_PCN,false
HUANG_PCN,false
,185382,399409,0.0,185382,399409,0.0,185382,399409,0.0,185382,399409,0.0,185382,399409,0.0,185382,399409,0.0,185382,399409,0.0,185382,399409,0.0,185382,399409,0.0,185382,399409,0.0
,434638,424828,0.0,434638,424828,0.0,434638,424828,0.0,434638,424828,0.0,434638,424828,0.0,434638,424828,0.0,434638,424828,0.0,434638,424828,0.0,434638,424828,0.0,434638,424828,0.0
,552755,125876,0.0,552755,125876,0.0,552755,125876,0.0,552755,125876,0.0,552755,125876,0.0,552755,125876,0.0,552755,125876,0.0,552755,125876,0.0,552755,125876,0.0,552755,125876,0.0
,465392,158560,0.0,465392,158560,0.0,465392,158560,0.0,465392,158560,0.0,465392,158560,0.0,465392,158560,0.0,465392,158560,0.0,465392,158560,0.0,465392,158560,0.0,465392,158560,0.0
HUANG_PCN,true
,206331,488506,541.0,206436,488413,613.0,206553,488308,685.0,206682,488193,713.0,206789,488097,521.0,206862,488032,329.0,206909,487990,269.0,206965,487940,341.0,206939,487875,413.0,206864,487795,485.0
,42311,455209,833.0,42464,455081,833.0,42617,454953,833.0,42771,454825,833.0,42924,454697,833.0,43078,454568,833.0,43231,454440,833.0,43384,454312,833.0,43538,454184,833.0,43691,454056,833.0
,182584,195866,0.0,182584,195866,0.0,182584,195866,0.0,182584,195866,0.0,182584,195866,0.0,182584,195866,0.0,182584,195866,0.0,182584,195866,0.0,182584,195866,0.0,182584,195866,0.0
HUANG_PCN,true
,410669,299914,1182.7999999999943,410387,299966,1210.7999999999943,410103,300017,1194.7999999999943,409816,300069,1222.7999999999943,409525,300122,1250.7999999999943,409228,300176,1278.7999999999943,408928,300231,1262.7999999999943,408624,300286,1290.7999999999943,408312,300342,1318.7999999999943,407996,300400,1346.7999999999943
,240072,459055,0.0,240072,459055,0.0,240072,459055,0.0,240072,459055,0.0,240072,459055,0.0,240072,459055,0.0,240072,459055,0.0,240072,459055,0.0,240072,459055,0.0,240072,459055,0.0
,289133,408852,549.0,289224,408954,577.0,289316,409057,561.0,289409,409161,589.0,289503,409266,573.0,289598,409372,601.0,289693,409478,585.0,289788,409585,613.0,289882,409690,597.0,289976,409796,581.0
,577868,147375,728.8799999999994,577722,147479,756.8799999999994,577574,147584,740.8799999999994,577425,147690,768.8799999999994,577276,147797,752.8799999999994,577125,147905,780.8799999999994,576973,148014,764.8799999999994,576819,148123,792.8799999999994,576665,148233,776.8799999999994,576510,148343,804.8799999999994
,171685,386361,1597.720000000013,171420,386078,1625.720000000013,171154,385793,1609.720000000013,170886,385508,1637.720000000013,170618,385221,1621.720000000013,170350,384935,1649.720000000013,170083,384650,1633.720000000013,169817,384366,1617.720000000013,169551,384081,1601.720000000013,169287,383800,1585.720000000013
,312231,281127,0.0,312231,281127,0.0,312230,281127,12.0,312223,281116,84.0,312206,281091,156.0,312179,281052,228.0,312143,280999,300.0,312096,280931,372.0,312040,280849,444.0,311869,280698,516.0
HUANG_PCN,false
,554832,128854,0.0,554832,128854,0.0,554832,128854,0.0,554832,128854,0.0,554832,128854,0.0,554832,128854,0.0,554832,128854,0.0,554832,128854,0.0,554832,128854,0.0,554832,128854,0.0
HUANG_PCN,false
HUANG_PCN,false
HUANG_PCN,false
HUANG_PCN,false
HUANG_PCN,true
,398401,386252,0.0,398401,386252,0.0,398401,386252,0.0,398401,386252,0.0,398401,386252,0.0,398401,386252,0.0,398401,386252,0.0,398401,386252,0.0,398401,386252,0.0,398401,386252,0.0
HUANG_PCN,false
HUANG_PCN,false
,412747,299537,0.0,412747,299537,0.0,412747,299537,0.0,412747,299537,0.0,412748,299537,24.0,412764,299534,96.0,412796,299528,168.0,412846,299519,240.0,412912,299507,312.0,412996,299492,384.0
,513981,214055,0.0,513981,214055,0.0,513981,214055,0.0,513981,214055,0.0,513981,214055,0.0,513981,214055,0.0,513981,214055,0.0,513981,214055,0.0,513981,214055,0.0,513981,214055,0.0
,575742,396808,0.0,575742,396808,0.0,575742,396808,0.0,575742,396808,0.0,575741,396807,24.0,575730,396795,96.0,575709,396770,168.0,575675,396732,240.0,575630,396682,312.0,575574,396618,384.0
,370244,23517,0.0,370244,23517,0.0,370245,23518,24.0,370247,23525,52.0,370253,23547,124.0,370263,23585,196.0,370279,23640,268.0,370299,23712,340.0,370323,23800,412.0,370295,23753,484.0
HUANG_PCN,false
HUANG_PCN,true
HUANG_PCN,false
HUANG_PCN,true
,189456,467888,0.0,189456,467888,0.0,189456,467888,0.0,189456,467888,0.0,189456,467888,0.0,189456,467888,0.0,189456,467888,0.0,189456,467888,0.0,189456,467888,0.0,189456,467888,0.0
,382032,368176,0.0,382032,368176,0.0,382032,368176,0.0,382032,368176,0.0,382032,368176,0.0,382032,368176,0.0,382032,368176,0.0,382032,368176,0.0,382032,368176,0.0,382032,368176,0.0
,451228,163451,0.0,451228,163451,0.0,451228,163451,0.0,451228,163451,0.0,451228,163451,0.0,451228,163451,0.0,451228,163451,0.0,451228,163451,0.0,451228,163451,0.0,451228,163451,0.0
HUANG_PCN,false
HUANG_PCN,false
,500382,144163,0.0,500382,144163,0.0,500382,144163,0.0,500382,144163,0.0,500382,144163,0.0,500382,144163,0.0,500382,144163,0.0,500382,144163,0.0,500382,144163,0.0,500382,144163,0.0
,142424,162536,0.0,142424,162536,0.0,142424,162536,0.0,142424,162536,0.0,142424,162536,0.0,142424,162536,0.0,142424,162536,0.0,142424,162536,0.0,142424,162536,0.0,142424,162536,0.0
HUANG_PCN,false
HUANG_PCN,false
,534649,132593,0.0,534649,132593,0.0,534649,132593,0.0,534649,132593,0.0,534649,132593,0.0,534649,132593,0.0,534649,132593,0.0,534649,132593,0.0,534649,132593,0.0,534649,132593,0.0
,104927,16971,0.0,104927,16971,0.0,104927,16971,0.0,104927,16971,0.0,104927,16971,0.0,104927,16971,0.0,104927,16971,0.0,104927,16971,0.0,104927,16971,0.0,104927,16971,0.0
,193967,199194,0.0,193967,199194,0.0,193967,199194,0.0,193967,199194,0.0,193967,199194,0.0,193967,199194,0.0,193967,199194,0.0,193967,199194,0.0,193967,199194,0.0,193967,199194,0.0
,213531,67734,0.0,213531,67734,0.0,213531,67734,0.0,213531,67734,0.0,213531,67734,0.0,213531,67734,0.0,213531,67734,0.0,213531,67734,0.0,213531,67734,0.0,213531,67734,0.0
,436338,169872,0.0,436338,169872,0.0,436338,169872,0.0,436338,169872,0.0,436338,169872,0.0,436338,169872,0.0,436338,169872,0.0,436338,169872,0.0,436338,169872,0.0,436338,169872,0.0
,513929,215475,0.0,513929,215475,0.0,513929,215475,0.0,513929,215475,0.0,513929,215475,0.0,513929,215475,0.0,513929,215475,0.0,513929,215475,0.0,513929,215475,0.0,513929,215475,0.0
,582281,366711,0.0,582285,366711,48.0,582307,366710,120.0,582346,366708,192.0,582402,366706,264.0,582475,366703,336.0,582566,366700,408.0,582674,366696,480.0,582594,366451,552.0,582503,366341,624.0
,200129,268286,805.0,200006,268435,805.0,199883,268584,805.0,199759,268732,805.0,199636,268881,805.0,199513,269030,805.0,199390,269179,805.0,199266,269327,805.0,199143,269476,805.0,199020,269625,805.0
,283676,162010,12.0,283666,162019,84.0,283644,162039,156.0,283617,162064,96.0,283613,162067,12.0,283604,162076,84.0,283581,162096,156.0,283546,162128,228.0,283498,162171,300.0,283437,162226,372.0
,285683,166064,777.0,285786,166220,777.0,285888,166376,777.0,285991,166532,777.0,286093,166688,777.0,286195,166844,777.0,286298,166999,777.0,286400,167155,777.0,286503,167311,777.0,286605,167467,777.0
,172164,62571,817.2399999999994,172073,62750,845.2399999999994,171983,62927,829.2399999999994,171892,63105,813.2399999999994,171801,63284,841.2399999999994,171711,63462,825.2399999999994,171619,63641,853.2399999999994,171529,63818,837.2399999999994,171438,63997,821.2399999999994,171347,64175,849.2399999999994
HUANG_PCN,false
,63057,188005,2363.9600000000046,63334,187499,2435.9600000000046,63621,186978,2507.9600000000046,63915,186441,2579.9600000000046,64218,185890,2651.9600000000046,64529,185323,2723.9600000000046,64848,184742,2777.0,65169,184158,2777.0,65490,183574,2777.0,65810,182989,2777.0
,417544,263357,349.0,417505,263316,157.0,417497,263307,0.0,417497,263307,0.0,417497,263307,0.0,417497,263307,0.0,417497,263307,0.0,417497,263307,0.0,417497,263307,0.0,417496,263306,24.0
,463646,397378,833.0,463503,397517,833.0,463360,397657,833.0,463216,397796,833.0,463073,397935,833.0,462930,398075,833.0,462786,398214,833.0,462643,398353,833.0,462500,398493,833.0,462356,398632,833.0
HUANG_PCN,false
HUANG_PCN,false
HUANG_PCN,true
HUANG_PCN,true
,592439,271991,0.0,592439,271991,0.0,592439,271991,0.0,592439,271991,0.0,592439,271991,0.0,592442,271995,48.0,592455,272013,120.0,592478,272044,192.0,592511,272089,264.0,592554,272149,336.0
